-------------------------------------------------------------------------------
Test set: com.java.util.MathUtilsTest
-------------------------------------------------------------------------------
Tests run: 3, Failures: 1, Errors: 0, Skipped: 0, Time elapsed: 0.063 s <<< FAILURE! - in com.java.util.MathUtilsTest
test  Time elapsed: 0.016 s  <<< FAILURE!
org.opentest4j.AssertionFailedError: The add method should add two numbers ==> expected: <8> but was: <9>
	at com.java.util.MathUtilsTest.test(MathUtilsTest.java:13)

